#
# There is insufficient memory for the Java Runtime Environment to continue.
# Native memory allocation (mmap) failed to map 125829120 bytes for Failed to commit area from 0x0000000089400000 to 0x0000000090c00000 of length 125829120.
# Possible reasons:
#   The system is out of physical RAM or swap space
#   The process is running with CompressedOops enabled, and the Java Heap may be blocking the growth of the native heap
# Possible solutions:
#   Reduce memory load on the system
#   Increase physical memory or swap space
#   Check if swap backing store is full
#   Decrease Java heap size (-Xmx/-Xms)
#   Decrease number of Java threads
#   Decrease Java thread stack sizes (-Xss)
#   Set larger code cache with -XX:ReservedCodeCacheSize=
# This output file may be truncated or incomplete.
#
#  Out of Memory Error (./src/hotspot/os/windows/os_windows.cpp:3387), pid=32964, tid=5376
#
# JRE version:  (11.0.14.1+1) (build )
# Java VM: OpenJDK 64-Bit Server VM (11.0.14.1+1, mixed mode, sharing, tiered, compressed oops, g1 gc, windows-amd64)
# No core dump will be written. Minidumps are not enabled by default on client versions of Windows
#

---------------  S U M M A R Y ------------

Command Line: -Dfile.encoding=UTF-8 

Host: AMD Ryzen 7 4800H with Radeon Graphics         , 16 cores, 7G,  Windows 11 , 64 bit Build 22621 (10.0.22621.3672)
Time: Sun Jun 30 22:24:00 2024 FLE Summer Time elapsed time: 0.013697 seconds (0d 0h 0m 0s)

---------------  T H R E A D  ---------------

Current thread (0x000001f326cb1000):  JavaThread "Unknown thread" [_thread_in_vm, id=5376, stack(0x000000338d800000,0x000000338d900000)]

Stack: [0x000000338d800000,0x000000338d900000]
Native frames: (J=compiled Java code, j=interpreted, Vv=VM code, C=native code)
V  [jvm.dll+0x61e59a]
V  [jvm.dll+0x7aaca9]
V  [jvm.dll+0x7ac398]
V  [jvm.dll+0x7aca73]
V  [jvm.dll+0x24f9b8]
V  [jvm.dll+0x61b83a]
V  [jvm.dll+0x6100c5]
V  [jvm.dll+0x30772c]
V  [jvm.dll+0x3075b2]
V  [jvm.dll+0x30c2d6]
V  [jvm.dll+0x35272f]
V  [jvm.dll+0x352160]
V  [jvm.dll+0x2e4728]
V  [jvm.dll+0x2e5886]
V  [jvm.dll+0x784b07]
V  [jvm.dll+0x78628f]
V  [jvm.dll+0x35f479]
V  [jvm.dll+0x767aa0]
V  [jvm.dll+0x3ccf1f]
V  [jvm.dll+0x3cf2b1]
C  [jli.dll+0x5207]
C  [ucrtbase.dll+0x29333]
C  [KERNEL32.DLL+0x1257d]
C  [ntdll.dll+0x5af28]


---------------  P R O C E S S  ---------------

Threads class SMR info:
_java_thread_list=0x000001f3269f63a0, length=0, elements={
}

Java Threads: ( => current thread )

Other Threads:
  0x000001f326ccb000 GCTaskThread "GC Thread#0" [stack: 0x000000338d900000,0x000000338da00000] [id=1908]
  0x000001f326cfd800 ConcurrentGCThread "G1 Main Marker" [stack: 0x000000338da00000,0x000000338db00000] [id=30356]
  0x000001f326cfe800 ConcurrentGCThread "G1 Conc#0" [stack: 0x000000338db00000,0x000000338dc00000] [id=34300]

[error occurred during error reporting (printing all threads), id 0xc0000005, EXCEPTION_ACCESS_VIOLATION (0xc0000005) at pc=0x00007ffcbbc63ef7]

VM state:not at safepoint (not fully initialized)

VM Mutex/Monitor currently owned by a thread:  ([mutex/lock_event])
[0x000001f326cae990] Heap_lock - owner thread: 0x000001f326cb1000

Heap address: 0x0000000089400000, size: 1900 MB, Compressed Oops mode: Non-zero based: 0x0000000089400000
Narrow klass base: 0x0000000000000000, Narrow klass shift: 0

GC Heap History (0 events):
No events

Deoptimization events (0 events):
No events

Classes redefined (0 events):
No events

Internal exceptions (0 events):
No events

Events (1 events):
Event: 0.009 Loaded shared library C:\Program Files\Unity\Hub\Editor\2022.3.9f1\Editor\Data\PlaybackEngines\AndroidPlayer\OpenJDK\bin\zip.dll


Dynamic libraries:
0x00007ff6f70b0000 - 0x00007ff6f70bd000 	C:\Program Files\Unity\Hub\Editor\2022.3.9f1\Editor\Data\PlaybackEngines\AndroidPlayer\OpenJDK\bin\java.exe
0x00007ffd60c10000 - 0x00007ffd60e27000 	C:\WINDOWS\SYSTEM32\ntdll.dll
0x00007ffd5fe60000 - 0x00007ffd5ff24000 	C:\WINDOWS\System32\KERNEL32.DLL
0x00007ffd5e410000 - 0x00007ffd5e7bc000 	C:\WINDOWS\System32\KERNELBASE.dll
0x00007ffd5e230000 - 0x00007ffd5e341000 	C:\WINDOWS\System32\ucrtbase.dll
0x00007ffd32030000 - 0x00007ffd32047000 	C:\Program Files\Unity\Hub\Editor\2022.3.9f1\Editor\Data\PlaybackEngines\AndroidPlayer\OpenJDK\bin\jli.dll
0x00007ffd37a50000 - 0x00007ffd37a65000 	C:\Program Files\Unity\Hub\Editor\2022.3.9f1\Editor\Data\PlaybackEngines\AndroidPlayer\OpenJDK\bin\VCRUNTIME140.dll
0x00007ffd60110000 - 0x00007ffd602be000 	C:\WINDOWS\System32\USER32.dll
0x00007ffd5e060000 - 0x00007ffd5e086000 	C:\WINDOWS\System32\win32u.dll
0x00007ffd4cf10000 - 0x00007ffd4d1a3000 	C:\WINDOWS\WinSxS\amd64_microsoft.windows.common-controls_6595b64144ccf1df_6.0.22621.3672_none_2713b9d173822955\COMCTL32.dll
0x00007ffd5fe20000 - 0x00007ffd5fe49000 	C:\WINDOWS\System32\GDI32.dll
0x00007ffd60480000 - 0x00007ffd60527000 	C:\WINDOWS\System32\msvcrt.dll
0x00007ffd5df40000 - 0x00007ffd5e059000 	C:\WINDOWS\System32\gdi32full.dll
0x00007ffd5e8b0000 - 0x00007ffd5e94a000 	C:\WINDOWS\System32\msvcp_win.dll
0x00007ffd5f8a0000 - 0x00007ffd5f8d1000 	C:\WINDOWS\System32\IMM32.DLL
0x00007ffd21840000 - 0x00007ffd218db000 	C:\Program Files\Unity\Hub\Editor\2022.3.9f1\Editor\Data\PlaybackEngines\AndroidPlayer\OpenJDK\bin\msvcp140.dll
0x00007ffcbb970000 - 0x00007ffcbc4f1000 	C:\Program Files\Unity\Hub\Editor\2022.3.9f1\Editor\Data\PlaybackEngines\AndroidPlayer\OpenJDK\bin\server\jvm.dll
0x00007ffd606b0000 - 0x00007ffd60762000 	C:\WINDOWS\System32\ADVAPI32.dll
0x00007ffd5f670000 - 0x00007ffd5f71a000 	C:\WINDOWS\System32\sechost.dll
0x00007ffd5e090000 - 0x00007ffd5e0b8000 	C:\WINDOWS\System32\bcrypt.dll
0x00007ffd5f550000 - 0x00007ffd5f665000 	C:\WINDOWS\System32\RPCRT4.dll
0x00007ffd5fe50000 - 0x00007ffd5fe58000 	C:\WINDOWS\System32\PSAPI.DLL
0x00007ffd57b40000 - 0x00007ffd57b4a000 	C:\WINDOWS\SYSTEM32\VERSION.dll
0x00007ffd46150000 - 0x00007ffd46159000 	C:\WINDOWS\SYSTEM32\WSOCK32.dll
0x00007ffd54d90000 - 0x00007ffd54dc4000 	C:\WINDOWS\SYSTEM32\WINMM.dll
0x00007ffd5f720000 - 0x00007ffd5f791000 	C:\WINDOWS\System32\WS2_32.dll
0x00007ffd5cf30000 - 0x00007ffd5cf48000 	C:\WINDOWS\SYSTEM32\kernel.appcore.dll
0x00007ffd45290000 - 0x00007ffd452a0000 	C:\Program Files\Unity\Hub\Editor\2022.3.9f1\Editor\Data\PlaybackEngines\AndroidPlayer\OpenJDK\bin\verify.dll
0x00007ffd5b8c0000 - 0x00007ffd5baf2000 	C:\WINDOWS\SYSTEM32\DBGHELP.DLL
0x00007ffd607e0000 - 0x00007ffd60b68000 	C:\WINDOWS\System32\combase.dll
0x00007ffd60030000 - 0x00007ffd60107000 	C:\WINDOWS\System32\OLEAUT32.dll
0x00007ffd54ff0000 - 0x00007ffd55022000 	C:\WINDOWS\SYSTEM32\dbgcore.DLL
0x00007ffd5e830000 - 0x00007ffd5e8ab000 	C:\WINDOWS\System32\bcryptPrimitives.dll
0x00007ffd24c90000 - 0x00007ffd24cb8000 	C:\Program Files\Unity\Hub\Editor\2022.3.9f1\Editor\Data\PlaybackEngines\AndroidPlayer\OpenJDK\bin\java.dll
0x00007ffd394d0000 - 0x00007ffd394da000 	C:\Program Files\Unity\Hub\Editor\2022.3.9f1\Editor\Data\PlaybackEngines\AndroidPlayer\OpenJDK\bin\jimage.dll
0x00007ffd21820000 - 0x00007ffd21838000 	C:\Program Files\Unity\Hub\Editor\2022.3.9f1\Editor\Data\PlaybackEngines\AndroidPlayer\OpenJDK\bin\zip.dll

dbghelp: loaded successfully - version: 4.0.5 - missing functions: none
symbol engine: initialized successfully - sym options: 0x614 - pdb path: .;C:\Program Files\Unity\Hub\Editor\2022.3.9f1\Editor\Data\PlaybackEngines\AndroidPlayer\OpenJDK\bin;C:\WINDOWS\SYSTEM32;C:\WINDOWS\WinSxS\amd64_microsoft.windows.common-controls_6595b64144ccf1df_6.0.22621.3672_none_2713b9d173822955;C:\Program Files\Unity\Hub\Editor\2022.3.9f1\Editor\Data\PlaybackEngines\AndroidPlayer\OpenJDK\bin\server

VM Arguments:
jvm_args: -Dfile.encoding=UTF-8 
java_command: <unknown>
java_class_path (initial): <not set>
Launcher Type: SUN_STANDARD

[Global flags]
     intx CICompilerCount                          = 12                                        {product} {ergonomic}
     uint ConcGCThreads                            = 3                                         {product} {ergonomic}
     uint G1ConcRefinementThreads                  = 13                                        {product} {ergonomic}
   size_t G1HeapRegionSize                         = 1048576                                   {product} {ergonomic}
    uintx GCDrainStackTargetSize                   = 64                                        {product} {ergonomic}
   size_t InitialHeapSize                          = 125829120                                 {product} {ergonomic}
   size_t MarkStackSize                            = 4194304                                   {product} {ergonomic}
   size_t MaxHeapSize                              = 1992294400                                {product} {ergonomic}
   size_t MinHeapDeltaBytes                        = 1048576                                   {product} {ergonomic}
    uintx NonNMethodCodeHeapSize                   = 7594288                                {pd product} {ergonomic}
    uintx NonProfiledCodeHeapSize                  = 122031976                              {pd product} {ergonomic}
    uintx ProfiledCodeHeapSize                     = 122031976                              {pd product} {ergonomic}
    uintx ReservedCodeCacheSize                    = 251658240                              {pd product} {ergonomic}
     bool SegmentedCodeCache                       = true                                      {product} {ergonomic}
     bool UseCompressedClassPointers               = true                                 {lp64_product} {ergonomic}
     bool UseCompressedOops                        = true                                 {lp64_product} {ergonomic}
     bool UseG1GC                                  = true                                      {product} {ergonomic}
     bool UseLargePagesIndividualAllocation        = false                                  {pd product} {ergonomic}

Logging:
Log output configuration:
 #0: stdout all=warning uptime,level,tags
 #1: stderr all=off uptime,level,tags

Environment Variables:
JAVA_TOOL_OPTIONS=-Dfile.encoding=UTF-8
PATH=C:\Program Files\NVIDIA GPU Computing Toolkit\CUDA\v12.1\bin;C:\Program Files\NVIDIA GPU Computing Toolkit\CUDA\v12.1\libnvvp;;C:\Program Files\Microsoft MPI\Bin\;C:\Program Files (x86)\Common Files\Oracle\Java\javapath;C:\WINDOWS\system32;C:\WINDOWS;C:\WINDOWS\System32\Wbem;C:\WINDOWS\System32\WindowsPowerShell\v1.0\;C:\WINDOWS\System32\OpenSSH\;C:\Program Files\dotnet\;C:\Program Files (x86)\NVIDIA Corporation\PhysX\Common;C:\Program Files\NVIDIA Corporation\NVIDIA NvDLISR;C:\Program Files\NVIDIA Corporation\Nsight Compute 2023.1.1\;C:\Users\artem\AppData\Local\Programs\Python\Launcher\;C:\Users\artem\AppData\Local\Microsoft\WindowsApps;C:\Users\artem\AppData\Local\Programs\Git\cmd
USERNAME=artem
OS=Windows_NT
PROCESSOR_IDENTIFIER=AMD64 Family 23 Model 96 Stepping 1, AuthenticAMD



---------------  S Y S T E M  ---------------

OS: Windows 11 , 64 bit Build 22621 (10.0.22621.3672)
OS uptime: 0 days 7:13 hours
Hyper-V role detected

CPU:total 16 (initial active 16) (16 cores per cpu, 2 threads per core) family 23 model 96 stepping 1 microcode 0x0, cmov, cx8, fxsr, mmx, sse, sse2, sse3, ssse3, sse4.1, sse4.2, popcnt, avx, avx2, aes, clmul, mmxext, 3dnowpref, lzcnt, sse4a, ht, tsc, tscinvbit, tscinv, bmi1, bmi2, adx, sha, fma

Memory: 4k page, system-wide physical 7599M (1322M free)
TotalPageFile size 31151M (AvailPageFile size 99M)
current process WorkingSet (physical memory assigned to process): 11M, peak: 11M
current process commit charge ("private bytes"): 70M, peak: 190M

vm_info: OpenJDK 64-Bit Server VM (11.0.14.1+1) for windows-amd64 JRE (11.0.14.1+1), built on Feb  9 2022 01:48:27 by "" with unknown MS VC++:1916

END.
